<?xml version="1.0" encoding="UTF-8"?>
<testsuite name="com.heeday.mainboard.BoardserverApplicationTests" tests="1" skipped="0" failures="0" errors="0" timestamp="2024-09-26T06:16:48" hostname="DESKTOP-3S369VO" time="0.745">
  <properties/>
  <testcase name="contextLoads()" classname="com.heeday.mainboard.BoardserverApplicationTests" time="0.745"/>
  <system-out><![CDATA[15:16:45.504 [Test worker] INFO org.springframework.test.context.support.AnnotationConfigContextLoaderUtils -- Could not detect default configuration classes for test class [com.heeday.mainboard.BoardserverApplicationTests]: BoardserverApplicationTests does not declare any static, non-private, non-final, nested classes annotated with @Configuration.
15:16:45.582 [Test worker] INFO org.springframework.boot.test.context.SpringBootTestContextBootstrapper -- Found @SpringBootConfiguration com.heeday.mainboard.BoardServerApplication for test class com.heeday.mainboard.BoardserverApplicationTests

  .   ____          _            __ _ _
 /\\ / ___'_ __ _ _(_)_ __  __ _ \ \ \ \
( ( )\___ | '_ | '_| | '_ \/ _` | \ \ \ \
 \\/  ___)| |_)| | | | | || (_| |  ) ) ) )
  '  |____| .__|_| |_|_| |_\__, | / / / /
 =========|_|==============|___/=/_/_/_/
 :: Spring Boot ::                (v3.1.4)

2024-09-26T15:16:45.931+09:00  INFO 25188 --- [    Test worker] c.h.m.BoardserverApplicationTests        : Starting BoardserverApplicationTests using Java 17.0.11 with PID 25188 (started by User in D:\workspace\board)
2024-09-26T15:16:45.931+09:00  INFO 25188 --- [    Test worker] c.h.m.BoardserverApplicationTests        : No active profile set, falling back to 1 default profile: "default"
2024-09-26T15:16:48.094+09:00  INFO 25188 --- [    Test worker] c.h.m.BoardserverApplicationTests        : Started BoardserverApplicationTests in 2.351 seconds (process running for 3.264)
]]></system-out>
  <system-err><![CDATA[]]></system-err>
</testsuite>
